<?xml version="1.0" encoding="UTF-8"?>
<testng-results skipped="6" failed="0" total="6" passed="0">
  <reporter-output>
  </reporter-output>
  <suite name="Default suite" duration-ms="73" started-at="2017-10-18T07:26:13Z" finished-at="2017-10-18T07:26:13Z">
    <groups>
    </groups>
    <test name="Default test" duration-ms="73" started-at="2017-10-18T07:26:13Z" finished-at="2017-10-18T07:26:13Z">
      <class name="TestCases.TestCases">
        <test-method status="FAIL" signature="start()[pri:0, instance:TestCases.TestCases@60d8c9b7]" name="start" is-config="true" duration-ms="0" started-at="2017-10-18T12:56:13Z" finished-at="2017-10-18T12:56:13Z">
          <exception class="java.lang.NullPointerException">
            <full-stacktrace>
              <![CDATA[java.lang.NullPointerException
	at TestCases.TestCases.start(TestCases.java:40)
	at sun.reflect.NativeMethodAccessorImpl.invoke0(Native Method)
	at sun.reflect.NativeMethodAccessorImpl.invoke(Unknown Source)
	at sun.reflect.DelegatingMethodAccessorImpl.invoke(Unknown Source)
	at java.lang.reflect.Method.invoke(Unknown Source)
	at org.testng.internal.MethodInvocationHelper.invokeMethod(MethodInvocationHelper.java:84)
	at org.testng.internal.Invoker.invokeConfigurationMethod(Invoker.java:564)
	at org.testng.internal.Invoker.invokeConfigurations(Invoker.java:213)
	at org.testng.internal.Invoker.invokeConfigurations(Invoker.java:138)
	at org.testng.internal.TestMethodWorker.invokeBeforeClassMethods(TestMethodWorker.java:175)
	at org.testng.internal.TestMethodWorker.run(TestMethodWorker.java:107)
	at org.testng.TestRunner.privateRun(TestRunner.java:767)
	at org.testng.TestRunner.run(TestRunner.java:617)
	at org.testng.SuiteRunner.runTest(SuiteRunner.java:334)
	at org.testng.SuiteRunner.runSequentially(SuiteRunner.java:329)
	at org.testng.SuiteRunner.privateRun(SuiteRunner.java:291)
	at org.testng.SuiteRunner.run(SuiteRunner.java:240)
	at org.testng.SuiteRunnerWorker.runSuite(SuiteRunnerWorker.java:52)
	at org.testng.SuiteRunnerWorker.run(SuiteRunnerWorker.java:86)
	at org.testng.TestNG.runSuitesSequentially(TestNG.java:1224)
	at org.testng.TestNG.runSuitesLocally(TestNG.java:1149)
	at org.testng.TestNG.run(TestNG.java:1057)
	at org.testng.remote.AbstractRemoteTestNG.run(AbstractRemoteTestNG.java:132)
	at org.testng.remote.RemoteTestNG.initAndRun(RemoteTestNG.java:236)
	at org.testng.remote.RemoteTestNG.main(RemoteTestNG.java:81)
]]>
            </full-stacktrace>
          </exception> <!-- java.lang.NullPointerException -->
          <reporter-output>
          </reporter-output>
        </test-method> <!-- start -->
        <test-method status="SKIP" signature="TC_001()[pri:0, instance:TestCases.TestCases@60d8c9b7]" name="TC_001" duration-ms="3" started-at="2017-10-18T12:56:13Z" finished-at="2017-10-18T12:56:13Z">
          <reporter-output>
          </reporter-output>
        </test-method> <!-- TC_001 -->
        <test-method status="SKIP" signature="TC_002()[pri:0, instance:TestCases.TestCases@60d8c9b7]" name="TC_002" duration-ms="1" started-at="2017-10-18T12:56:13Z" finished-at="2017-10-18T12:56:13Z">
          <reporter-output>
          </reporter-output>
        </test-method> <!-- TC_002 -->
        <test-method status="SKIP" signature="TC_003()[pri:0, instance:TestCases.TestCases@60d8c9b7]" name="TC_003" duration-ms="2" started-at="2017-10-18T12:56:13Z" finished-at="2017-10-18T12:56:13Z">
          <reporter-output>
          </reporter-output>
        </test-method> <!-- TC_003 -->
        <test-method status="SKIP" signature="TC_004()[pri:0, instance:TestCases.TestCases@60d8c9b7]" name="TC_004" duration-ms="1" started-at="2017-10-18T12:56:13Z" finished-at="2017-10-18T12:56:13Z">
          <reporter-output>
          </reporter-output>
        </test-method> <!-- TC_004 -->
        <test-method status="SKIP" signature="TC_005()[pri:0, instance:TestCases.TestCases@60d8c9b7]" name="TC_005" duration-ms="1" started-at="2017-10-18T12:56:13Z" finished-at="2017-10-18T12:56:13Z">
          <reporter-output>
          </reporter-output>
        </test-method> <!-- TC_005 -->
        <test-method status="SKIP" signature="TC_006()[pri:0, instance:TestCases.TestCases@60d8c9b7]" name="TC_006" duration-ms="1" started-at="2017-10-18T12:56:13Z" finished-at="2017-10-18T12:56:13Z">
          <reporter-output>
          </reporter-output>
        </test-method> <!-- TC_006 -->
      </class> <!-- TestCases.TestCases -->
    </test> <!-- Default test -->
  </suite> <!-- Default suite -->
</testng-results>
